2024-01-29 11:48:22,648 - models, checkpoints and evaluations will be saved in folder at: '/nlsasfs/home/nltm-st/sujitk/yash-mtp/models/wav2vec2/saved-model-20240129_114822'.
2024-01-29 11:48:27,067 - Datasets loaded succesfully!
2024-01-29 11:48:27,067 - Loaded the following dataset: 

2024-01-29 11:48:28,235 - A classification problem with 11 classes: ['asm', 'ben', 'eng', 'guj', 'hin', 'kan', 'mal', 'mar', 'odi', 'tam', 'tel']
Ignored unknown kwarg option normalize
Ignored unknown kwarg option normalize
Ignored unknown kwarg option normalize
Ignored unknown kwarg option normalize
Some weights of Wav2Vec2ForSpeechClassification were not initialized from the model checkpoint at facebook/wav2vec2-xls-r-1b and are newly initialized: ['classifier.out_proj.bias', 'classifier.out_proj.weight', 'classifier.dense.weight', 'classifier.dense.bias']
You should probably TRAIN this model on a down-stream task to be able to use it for predictions and inference.
2024-01-29 11:49:06,621 - Loading cached processed dataset at /nlsasfs/home/nltm-st/sujitk/yash-mtp/datasets/wav2vec2/saved_dataset.hf/train/cache-d79868eb6c464c1a_*_of_00300.arrow
2024-01-29 11:49:15,172 - Loading cached processed dataset at /nlsasfs/home/nltm-st/sujitk/yash-mtp/datasets/wav2vec2/saved_dataset.hf/validation/cache-9222984364d9bc4e_*_of_00300.arrow
2024-01-29 11:49:15,301 - The final processed dataset is as below: 
2024-01-29 11:49:15,302 - label_names : ['asm', 'ben', 'eng', 'guj', 'hin', 'kan', 'mal', 'mar', 'odi', 'tam', 'tel']
2024-01-29 11:49:15,302 - The target sampling rate: 16000
2024-01-29 11:49:15,304 - -*--*--*--*--*--*--*--*--*--*--*--*--*--*--*--*--*--*--*--*--*--*--*--*--*--*--*--*--*--*--*--*--*--*--*--*--*--*--*--*--*--*--*--*--*--*--*--*--*--*--*--*--*--*--*--*--*--*--*--*--*--*--*--*--*--*--*--*--*--*--*--*--*--*--*--*--*--*--*--*--*--*--*--*--*--*--*--*--*--*--*--*--*--*--*--*--*--*--*--*-
2024-01-29 11:49:15,304 - The Training is about to start....
2024-01-29 11:49:15,306 - Detected kernel version 5.4.0, which is below the recommended minimum of 5.5.0; this can cause the process to hang. It is recommended to upgrade the kernel to the minimum version or higher.
2024-01-29 11:49:15,546 - Logged into hugging face successfully!
wandb: Currently logged in as: b20241. Use `wandb login --relogin` to force relogin
wandb: Appending key for api.wandb.ai to your netrc file: /nlsasfs/home/nltm-st/sujitk/.netrc
wandb: wandb version 0.16.2 is available!  To upgrade, please run:
wandb:  $ pip install wandb --upgrade
wandb: Tracking run with wandb version 0.15.12
wandb: Run data is saved locally in /nlsasfs/home/nltm-st/sujitk/yash-mtp/wandb/run-20240129_114918-g4rgyv0u
wandb: Run `wandb offline` to turn off syncing.
wandb: Syncing run Wave2vec2-1B_Training_20240129_114822
wandb: ⭐️ View project at https://wandb.ai/b20241/huggingface
wandb: 🚀 View run at https://wandb.ai/b20241/huggingface/runs/g4rgyv0u
2024-01-29 11:49:43,571 - Saving current state to /nlsasfs/home/nltm-st/sujitk/yash-mtp/models/wav2vec2//nlsasfs/home/nltm-st/sujitk/yash-mtp/models/wav2vec2/saved-model-20240129_114822/chkpt
2024-01-29 11:49:47,517 - Model weights saved in /nlsasfs/home/nltm-st/sujitk/yash-mtp/models/wav2vec2//nlsasfs/home/nltm-st/sujitk/yash-mtp/models/wav2vec2/saved-model-20240129_114822/chkpt/pytorch_model.bin
2024-01-29 11:49:47,519 - Optimizer state saved in /nlsasfs/home/nltm-st/sujitk/yash-mtp/models/wav2vec2//nlsasfs/home/nltm-st/sujitk/yash-mtp/models/wav2vec2/saved-model-20240129_114822/chkpt/optimizer.bin
2024-01-29 11:49:47,520 - Scheduler state saved in /nlsasfs/home/nltm-st/sujitk/yash-mtp/models/wav2vec2//nlsasfs/home/nltm-st/sujitk/yash-mtp/models/wav2vec2/saved-model-20240129_114822/chkpt/scheduler.bin
2024-01-29 11:49:47,520 - Sampler state for dataloader 0 saved in /nlsasfs/home/nltm-st/sujitk/yash-mtp/models/wav2vec2//nlsasfs/home/nltm-st/sujitk/yash-mtp/models/wav2vec2/saved-model-20240129_114822/chkpt/sampler.bin
2024-01-29 11:49:47,520 - Sampler state for dataloader 1 saved in /nlsasfs/home/nltm-st/sujitk/yash-mtp/models/wav2vec2//nlsasfs/home/nltm-st/sujitk/yash-mtp/models/wav2vec2/saved-model-20240129_114822/chkpt/sampler_1.bin
2024-01-29 11:49:47,521 - Gradient scaler state saved in /nlsasfs/home/nltm-st/sujitk/yash-mtp/models/wav2vec2//nlsasfs/home/nltm-st/sujitk/yash-mtp/models/wav2vec2/saved-model-20240129_114822/chkpt/scaler.pt
2024-01-29 11:49:47,570 - Random states saved in /nlsasfs/home/nltm-st/sujitk/yash-mtp/models/wav2vec2//nlsasfs/home/nltm-st/sujitk/yash-mtp/models/wav2vec2/saved-model-20240129_114822/chkpt/random_states_0.pkl
2024-01-29 11:49:47,570 - Saving the state of AcceleratedScheduler to /nlsasfs/home/nltm-st/sujitk/yash-mtp/models/wav2vec2/nlsasfs/home/nltm-st/sujitk/yash-mtp/models/wav2vec2/saved-model-20240129_114822/chkpt/custom_checkpoint_0.pkl
2024-01-29 11:49:47,572 - Started checkpointing
Device:  cuda
--------------------
Number of GPUs: 7
Current GPU: 0
GPU Name: A100-SXM4-40GB
GPU Compute Capability: (8, 0)
--------------------
Train:  Dataset({
    features: ['name', 'path', 'sampling_rate', 'language'],
    num_rows: 571151
})
Validation:  Dataset({
    features: ['name', 'path', 'sampling_rate', 'language'],
    num_rows: 114230
})
Dataset({
    features: ['name', 'path', 'sampling_rate', 'language', 'input_values', 'attention_mask', 'labels'],
    num_rows: 571151
})
Eval steps:  2231
Token will not been saved to git credential helper. Pass `add_to_git_credential=True` if you want to set the git credential as well.
Token is valid (permission: write).
Your token has been saved to /nlsasfs/home/nltm-st/sujitk/.cache/huggingface/token
Login successful
Device of accleration:  cuda
  0%|          | 0/1338600 [00:00<?, ?it/s]