/nlsasfs/home/nltm-st/sujitk/miniconda3/envs/wave2vec/lib/python3.10/site-packages/pyannote/audio/core/io.py:43: UserWarning: torchaudio._backend.set_audio_backend has been deprecated. With dispatcher enabled, this function is no-op. You can remove the function call.
  torchaudio.set_audio_backend("soundfile")
Lightning automatically upgraded your loaded checkpoint from v1.5.4 to v2.2.3. To apply the upgrade to your files permanently, run `python -m pytorch_lightning.utilities.upgrade_checkpoint ../.cache/torch/pyannote/models--pyannote--segmentation/snapshots/2ffce0501d0aecad81b43a06d538186e292d0070/pytorch_model.bin`
Lightning automatically upgraded your loaded checkpoint from v1.5.4 to v2.2.3. To apply the upgrade to your files permanently, run `python -m pytorch_lightning.utilities.upgrade_checkpoint ../.cache/torch/pyannote/models--pyannote--segmentation/snapshots/2ffce0501d0aecad81b43a06d538186e292d0070/pytorch_model.bin`
Lightning automatically upgraded your loaded checkpoint from v1.5.4 to v2.2.3. To apply the upgrade to your files permanently, run `python -m pytorch_lightning.utilities.upgrade_checkpoint ../.cache/torch/pyannote/models--pyannote--segmentation/snapshots/2ffce0501d0aecad81b43a06d538186e292d0070/pytorch_model.bin`
Lightning automatically upgraded your loaded checkpoint from v1.5.4 to v2.2.3. To apply the upgrade to your files permanently, run `python -m pytorch_lightning.utilities.upgrade_checkpoint ../.cache/torch/pyannote/models--pyannote--segmentation/snapshots/2ffce0501d0aecad81b43a06d538186e292d0070/pytorch_model.bin`
Lightning automatically upgraded your loaded checkpoint from v1.5.4 to v2.2.3. To apply the upgrade to your files permanently, run `python -m pytorch_lightning.utilities.upgrade_checkpoint ../.cache/torch/pyannote/models--pyannote--segmentation/snapshots/2ffce0501d0aecad81b43a06d538186e292d0070/pytorch_model.bin`
Lightning automatically upgraded your loaded checkpoint from v1.5.4 to v2.2.3. To apply the upgrade to your files permanently, run `python -m pytorch_lightning.utilities.upgrade_checkpoint ../.cache/torch/pyannote/models--pyannote--segmentation/snapshots/2ffce0501d0aecad81b43a06d538186e292d0070/pytorch_model.bin`
Lightning automatically upgraded your loaded checkpoint from v1.5.4 to v2.2.3. To apply the upgrade to your files permanently, run `python -m pytorch_lightning.utilities.upgrade_checkpoint ../.cache/torch/pyannote/models--pyannote--segmentation/snapshots/2ffce0501d0aecad81b43a06d538186e292d0070/pytorch_model.bin`
Lightning automatically upgraded your loaded checkpoint from v1.5.4 to v2.2.3. To apply the upgrade to your files permanently, run `python -m pytorch_lightning.utilities.upgrade_checkpoint ../.cache/torch/pyannote/models--pyannote--segmentation/snapshots/2ffce0501d0aecad81b43a06d538186e292d0070/pytorch_model.bin`
Lightning automatically upgraded your loaded checkpoint from v1.5.4 to v2.2.3. To apply the upgrade to your files permanently, run `python -m pytorch_lightning.utilities.upgrade_checkpoint ../.cache/torch/pyannote/models--pyannote--segmentation/snapshots/2ffce0501d0aecad81b43a06d538186e292d0070/pytorch_model.bin`
Lightning automatically upgraded your loaded checkpoint from v1.5.4 to v2.2.3. To apply the upgrade to your files permanently, run `python -m pytorch_lightning.utilities.upgrade_checkpoint ../.cache/torch/pyannote/models--pyannote--segmentation/snapshots/2ffce0501d0aecad81b43a06d538186e292d0070/pytorch_model.bin`
Lightning automatically upgraded your loaded checkpoint from v1.5.4 to v2.2.3. To apply the upgrade to your files permanently, run `python -m pytorch_lightning.utilities.upgrade_checkpoint ../.cache/torch/pyannote/models--pyannote--segmentation/snapshots/2ffce0501d0aecad81b43a06d538186e292d0070/pytorch_model.bin`
Lightning automatically upgraded your loaded checkpoint from v1.5.4 to v2.2.3. To apply the upgrade to your files permanently, run `python -m pytorch_lightning.utilities.upgrade_checkpoint ../.cache/torch/pyannote/models--pyannote--segmentation/snapshots/2ffce0501d0aecad81b43a06d538186e292d0070/pytorch_model.bin`
Lightning automatically upgraded your loaded checkpoint from v1.5.4 to v2.2.3. To apply the upgrade to your files permanently, run `python -m pytorch_lightning.utilities.upgrade_checkpoint ../.cache/torch/pyannote/models--pyannote--segmentation/snapshots/2ffce0501d0aecad81b43a06d538186e292d0070/pytorch_model.bin`
Lightning automatically upgraded your loaded checkpoint from v1.5.4 to v2.2.3. To apply the upgrade to your files permanently, run `python -m pytorch_lightning.utilities.upgrade_checkpoint ../.cache/torch/pyannote/models--pyannote--segmentation/snapshots/2ffce0501d0aecad81b43a06d538186e292d0070/pytorch_model.bin`
Lightning automatically upgraded your loaded checkpoint from v1.5.4 to v2.2.3. To apply the upgrade to your files permanently, run `python -m pytorch_lightning.utilities.upgrade_checkpoint ../.cache/torch/pyannote/models--pyannote--segmentation/snapshots/2ffce0501d0aecad81b43a06d538186e292d0070/pytorch_model.bin`
Lightning automatically upgraded your loaded checkpoint from v1.5.4 to v2.2.3. To apply the upgrade to your files permanently, run `python -m pytorch_lightning.utilities.upgrade_checkpoint ../.cache/torch/pyannote/models--pyannote--segmentation/snapshots/2ffce0501d0aecad81b43a06d538186e292d0070/pytorch_model.bin`
Lightning automatically upgraded your loaded checkpoint from v1.5.4 to v2.2.3. To apply the upgrade to your files permanently, run `python -m pytorch_lightning.utilities.upgrade_checkpoint ../.cache/torch/pyannote/models--pyannote--segmentation/snapshots/2ffce0501d0aecad81b43a06d538186e292d0070/pytorch_model.bin`
Lightning automatically upgraded your loaded checkpoint from v1.5.4 to v2.2.3. To apply the upgrade to your files permanently, run `python -m pytorch_lightning.utilities.upgrade_checkpoint ../.cache/torch/pyannote/models--pyannote--segmentation/snapshots/2ffce0501d0aecad81b43a06d538186e292d0070/pytorch_model.bin`
Lightning automatically upgraded your loaded checkpoint from v1.5.4 to v2.2.3. To apply the upgrade to your files permanently, run `python -m pytorch_lightning.utilities.upgrade_checkpoint ../.cache/torch/pyannote/models--pyannote--segmentation/snapshots/2ffce0501d0aecad81b43a06d538186e292d0070/pytorch_model.bin`
Lightning automatically upgraded your loaded checkpoint from v1.5.4 to v2.2.3. To apply the upgrade to your files permanently, run `python -m pytorch_lightning.utilities.upgrade_checkpoint ../.cache/torch/pyannote/models--pyannote--segmentation/snapshots/2ffce0501d0aecad81b43a06d538186e292d0070/pytorch_model.bin`
Lightning automatically upgraded your loaded checkpoint from v1.5.4 to v2.2.3. To apply the upgrade to your files permanently, run `python -m pytorch_lightning.utilities.upgrade_checkpoint ../.cache/torch/pyannote/models--pyannote--segmentation/snapshots/2ffce0501d0aecad81b43a06d538186e292d0070/pytorch_model.bin`
Lightning automatically upgraded your loaded checkpoint from v1.5.4 to v2.2.3. To apply the upgrade to your files permanently, run `python -m pytorch_lightning.utilities.upgrade_checkpoint ../.cache/torch/pyannote/models--pyannote--segmentation/snapshots/2ffce0501d0aecad81b43a06d538186e292d0070/pytorch_model.bin`
Lightning automatically upgraded your loaded checkpoint from v1.5.4 to v2.2.3. To apply the upgrade to your files permanently, run `python -m pytorch_lightning.utilities.upgrade_checkpoint ../.cache/torch/pyannote/models--pyannote--segmentation/snapshots/2ffce0501d0aecad81b43a06d538186e292d0070/pytorch_model.bin`
Lightning automatically upgraded your loaded checkpoint from v1.5.4 to v2.2.3. To apply the upgrade to your files permanently, run `python -m pytorch_lightning.utilities.upgrade_checkpoint ../.cache/torch/pyannote/models--pyannote--segmentation/snapshots/2ffce0501d0aecad81b43a06d538186e292d0070/pytorch_model.bin`
Lightning automatically upgraded your loaded checkpoint from v1.5.4 to v2.2.3. To apply the upgrade to your files permanently, run `python -m pytorch_lightning.utilities.upgrade_checkpoint ../.cache/torch/pyannote/models--pyannote--segmentation/snapshots/2ffce0501d0aecad81b43a06d538186e292d0070/pytorch_model.bin`
Lightning automatically upgraded your loaded checkpoint from v1.5.4 to v2.2.3. To apply the upgrade to your files permanently, run `python -m pytorch_lightning.utilities.upgrade_checkpoint ../.cache/torch/pyannote/models--pyannote--segmentation/snapshots/2ffce0501d0aecad81b43a06d538186e292d0070/pytorch_model.bin`
Lightning automatically upgraded your loaded checkpoint from v1.5.4 to v2.2.3. To apply the upgrade to your files permanently, run `python -m pytorch_lightning.utilities.upgrade_checkpoint ../.cache/torch/pyannote/models--pyannote--segmentation/snapshots/2ffce0501d0aecad81b43a06d538186e292d0070/pytorch_model.bin`
Lightning automatically upgraded your loaded checkpoint from v1.5.4 to v2.2.3. To apply the upgrade to your files permanently, run `python -m pytorch_lightning.utilities.upgrade_checkpoint ../.cache/torch/pyannote/models--pyannote--segmentation/snapshots/2ffce0501d0aecad81b43a06d538186e292d0070/pytorch_model.bin`
Lightning automatically upgraded your loaded checkpoint from v1.5.4 to v2.2.3. To apply the upgrade to your files permanently, run `python -m pytorch_lightning.utilities.upgrade_checkpoint ../.cache/torch/pyannote/models--pyannote--segmentation/snapshots/2ffce0501d0aecad81b43a06d538186e292d0070/pytorch_model.bin`
Lightning automatically upgraded your loaded checkpoint from v1.5.4 to v2.2.3. To apply the upgrade to your files permanently, run `python -m pytorch_lightning.utilities.upgrade_checkpoint ../.cache/torch/pyannote/models--pyannote--segmentation/snapshots/2ffce0501d0aecad81b43a06d538186e292d0070/pytorch_model.bin`
Lightning automatically upgraded your loaded checkpoint from v1.5.4 to v2.2.3. To apply the upgrade to your files permanently, run `python -m pytorch_lightning.utilities.upgrade_checkpoint ../.cache/torch/pyannote/models--pyannote--segmentation/snapshots/2ffce0501d0aecad81b43a06d538186e292d0070/pytorch_model.bin`
Lightning automatically upgraded your loaded checkpoint from v1.5.4 to v2.2.3. To apply the upgrade to your files permanently, run `python -m pytorch_lightning.utilities.upgrade_checkpoint ../.cache/torch/pyannote/models--pyannote--segmentation/snapshots/2ffce0501d0aecad81b43a06d538186e292d0070/pytorch_model.bin`
True
Processing folder  =  /nlsasfs/home/nltm-st/sujitk/yash-mtp/datasets/displace-challenge/Displace2024_eval_audio_supervised/AUDIO_supervised/Track1_SD_Track2_LD
Output written to  =  /nlsasfs/home/nltm-st/sujitk/yash-mtp/datasets/displace-challenge/Displace2024_eval_audio_supervised/AUDIO_supervised
sub directories are  /nlsasfs/home/nltm-st/sujitk/yash-mtp/datasets/displace-challenge/Displace2024_eval_audio_supervised/AUDIO_supervised/vad_audio_pickle /nlsasfs/home/nltm-st/sujitk/yash-mtp/datasets/displace-challenge/Displace2024_eval_audio_supervised/AUDIO_supervised/vad_audio_segments
Model was trained with pyannote.audio 0.0.1, yours is 3.1.1. Bad things might happen unless you revert pyannote.audio to 0.x.
Model was trained with torch 1.10.0+cu102, yours is 2.2.2+cu118. Bad things might happen unless you revert torch to 1.x.
Model was trained with pyannote.audio 0.0.1, yours is 3.1.1. Bad things might happen unless you revert pyannote.audio to 0.x.
Model was trained with torch 1.10.0+cu102, yours is 2.2.2+cu118. Bad things might happen unless you revert torch to 1.x.
Model was trained with pyannote.audio 0.0.1, yours is 3.1.1. Bad things might happen unless you revert pyannote.audio to 0.x.
Model was trained with torch 1.10.0+cu102, yours is 2.2.2+cu118. Bad things might happen unless you revert torch to 1.x.
Model was trained with pyannote.audio 0.0.1, yours is 3.1.1. Bad things might happen unless you revert pyannote.audio to 0.x.
Model was trained with torch 1.10.0+cu102, yours is 2.2.2+cu118. Bad things might happen unless you revert torch to 1.x.
Model was trained with pyannote.audio 0.0.1, yours is 3.1.1. Bad things might happen unless you revert pyannote.audio to 0.x.
Model was trained with torch 1.10.0+cu102, yours is 2.2.2+cu118. Bad things might happen unless you revert torch to 1.x.
Model was trained with pyannote.audio 0.0.1, yours is 3.1.1. Bad things might happen unless you revert pyannote.audio to 0.x.
Model was trained with torch 1.10.0+cu102, yours is 2.2.2+cu118. Bad things might happen unless you revert torch to 1.x.
Model was trained with pyannote.audio 0.0.1, yours is 3.1.1. Bad things might happen unless you revert pyannote.audio to 0.x.
Model was trained with torch 1.10.0+cu102, yours is 2.2.2+cu118. Bad things might happen unless you revert torch to 1.x.
Model was trained with pyannote.audio 0.0.1, yours is 3.1.1. Bad things might happen unless you revert pyannote.audio to 0.x.
Model was trained with torch 1.10.0+cu102, yours is 2.2.2+cu118. Bad things might happen unless you revert torch to 1.x.
Model was trained with pyannote.audio 0.0.1, yours is 3.1.1. Bad things might happen unless you revert pyannote.audio to 0.x.
Model was trained with torch 1.10.0+cu102, yours is 2.2.2+cu118. Bad things might happen unless you revert torch to 1.x.
Model was trained with pyannote.audio 0.0.1, yours is 3.1.1. Bad things might happen unless you revert pyannote.audio to 0.x.
Model was trained with torch 1.10.0+cu102, yours is 2.2.2+cu118. Bad things might happen unless you revert torch to 1.x.
Model was trained with pyannote.audio 0.0.1, yours is 3.1.1. Bad things might happen unless you revert pyannote.audio to 0.x.
Model was trained with torch 1.10.0+cu102, yours is 2.2.2+cu118. Bad things might happen unless you revert torch to 1.x.
Model was trained with pyannote.audio 0.0.1, yours is 3.1.1. Bad things might happen unless you revert pyannote.audio to 0.x.
Model was trained with torch 1.10.0+cu102, yours is 2.2.2+cu118. Bad things might happen unless you revert torch to 1.x.
Model was trained with pyannote.audio 0.0.1, yours is 3.1.1. Bad things might happen unless you revert pyannote.audio to 0.x.
Model was trained with torch 1.10.0+cu102, yours is 2.2.2+cu118. Bad things might happen unless you revert torch to 1.x.
Model was trained with pyannote.audio 0.0.1, yours is 3.1.1. Bad things might happen unless you revert pyannote.audio to 0.x.
Model was trained with torch 1.10.0+cu102, yours is 2.2.2+cu118. Bad things might happen unless you revert torch to 1.x.
Model was trained with pyannote.audio 0.0.1, yours is 3.1.1. Bad things might happen unless you revert pyannote.audio to 0.x.
Model was trained with torch 1.10.0+cu102, yours is 2.2.2+cu118. Bad things might happen unless you revert torch to 1.x.
Model was trained with pyannote.audio 0.0.1, yours is 3.1.1. Bad things might happen unless you revert pyannote.audio to 0.x.
Model was trained with torch 1.10.0+cu102, yours is 2.2.2+cu118. Bad things might happen unless you revert torch to 1.x.
Model was trained with pyannote.audio 0.0.1, yours is 3.1.1. Bad things might happen unless you revert pyannote.audio to 0.x.
Model was trained with torch 1.10.0+cu102, yours is 2.2.2+cu118. Bad things might happen unless you revert torch to 1.x.
Model was trained with pyannote.audio 0.0.1, yours is 3.1.1. Bad things might happen unless you revert pyannote.audio to 0.x.
Model was trained with torch 1.10.0+cu102, yours is 2.2.2+cu118. Bad things might happen unless you revert torch to 1.x.
Model was trained with pyannote.audio 0.0.1, yours is 3.1.1. Bad things might happen unless you revert pyannote.audio to 0.x.
Model was trained with torch 1.10.0+cu102, yours is 2.2.2+cu118. Bad things might happen unless you revert torch to 1.x.
Model was trained with pyannote.audio 0.0.1, yours is 3.1.1. Bad things might happen unless you revert pyannote.audio to 0.x.
Model was trained with torch 1.10.0+cu102, yours is 2.2.2+cu118. Bad things might happen unless you revert torch to 1.x.
Model was trained with pyannote.audio 0.0.1, yours is 3.1.1. Bad things might happen unless you revert pyannote.audio to 0.x.
Model was trained with torch 1.10.0+cu102, yours is 2.2.2+cu118. Bad things might happen unless you revert torch to 1.x.
Model was trained with pyannote.audio 0.0.1, yours is 3.1.1. Bad things might happen unless you revert pyannote.audio to 0.x.
Model was trained with torch 1.10.0+cu102, yours is 2.2.2+cu118. Bad things might happen unless you revert torch to 1.x.
Model was trained with pyannote.audio 0.0.1, yours is 3.1.1. Bad things might happen unless you revert pyannote.audio to 0.x.
Model was trained with torch 1.10.0+cu102, yours is 2.2.2+cu118. Bad things might happen unless you revert torch to 1.x.
Model was trained with pyannote.audio 0.0.1, yours is 3.1.1. Bad things might happen unless you revert pyannote.audio to 0.x.
Model was trained with torch 1.10.0+cu102, yours is 2.2.2+cu118. Bad things might happen unless you revert torch to 1.x.
Model was trained with pyannote.audio 0.0.1, yours is 3.1.1. Bad things might happen unless you revert pyannote.audio to 0.x.
Model was trained with torch 1.10.0+cu102, yours is 2.2.2+cu118. Bad things might happen unless you revert torch to 1.x.
Model was trained with pyannote.audio 0.0.1, yours is 3.1.1. Bad things might happen unless you revert pyannote.audio to 0.x.
Model was trained with torch 1.10.0+cu102, yours is 2.2.2+cu118. Bad things might happen unless you revert torch to 1.x.
Model was trained with pyannote.audio 0.0.1, yours is 3.1.1. Bad things might happen unless you revert pyannote.audio to 0.x.
Model was trained with torch 1.10.0+cu102, yours is 2.2.2+cu118. Bad things might happen unless you revert torch to 1.x.
Model was trained with pyannote.audio 0.0.1, yours is 3.1.1. Bad things might happen unless you revert pyannote.audio to 0.x.
Model was trained with torch 1.10.0+cu102, yours is 2.2.2+cu118. Bad things might happen unless you revert torch to 1.x.
Model was trained with pyannote.audio 0.0.1, yours is 3.1.1. Bad things might happen unless you revert pyannote.audio to 0.x.
Model was trained with torch 1.10.0+cu102, yours is 2.2.2+cu118. Bad things might happen unless you revert torch to 1.x.
Model was trained with pyannote.audio 0.0.1, yours is 3.1.1. Bad things might happen unless you revert pyannote.audio to 0.x.
Model was trained with torch 1.10.0+cu102, yours is 2.2.2+cu118. Bad things might happen unless you revert torch to 1.x.
Model was trained with pyannote.audio 0.0.1, yours is 3.1.1. Bad things might happen unless you revert pyannote.audio to 0.x.
Model was trained with torch 1.10.0+cu102, yours is 2.2.2+cu118. Bad things might happen unless you revert torch to 1.x.
Model was trained with pyannote.audio 0.0.1, yours is 3.1.1. Bad things might happen unless you revert pyannote.audio to 0.x.
Model was trained with torch 1.10.0+cu102, yours is 2.2.2+cu118. Bad things might happen unless you revert torch to 1.x.
