/nlsasfs/home/nltm-st/sujitk/miniconda3/lib/python3.9/site-packages/torch/distributed/launch.py:183: FutureWarning: The module torch.distributed.launch is deprecated
and will be removed in future. Use torchrun.
Note that --use-env is set by default in torchrun.
If your script expects `--local-rank` argument to be set, please
change it to read from `os.environ['LOCAL_RANK']` instead. See 
https://pytorch.org/docs/stable/distributed.html#launch-utility for 
further instructions

  warnings.warn(
[2024-04-19 15:34:06,434] torch.distributed.run: [WARNING] 
[2024-04-19 15:34:06,434] torch.distributed.run: [WARNING] *****************************************
[2024-04-19 15:34:06,434] torch.distributed.run: [WARNING] Setting OMP_NUM_THREADS environment variable for each process to be 1 in default, to avoid your system being overloaded, please further tune the variable for optimal performance in your application as needed. 
[2024-04-19 15:34:06,434] torch.distributed.run: [WARNING] *****************************************
Traceback (most recent call last):
Traceback (most recent call last):
  File "/nlsasfs/home/nltm-st/sujitk/yash-mtp/src/wav2vec2/main_v1_1.py", line 23, in <module>
  File "/nlsasfs/home/nltm-st/sujitk/yash-mtp/src/wav2vec2/main_v1_1.py", line 23, in <module>
Traceback (most recent call last):
  File "/nlsasfs/home/nltm-st/sujitk/yash-mtp/src/wav2vec2/main_v1_1.py", line 23, in <module>
    import wandb
    ModuleNotFoundErrorimport wandb: 
No module named 'wandb'
ModuleNotFoundError: No module named 'wandb'
    import wandb
ModuleNotFoundError: No module named 'wandb'
[2024-04-19 15:34:56,604] torch.distributed.elastic.multiprocessing.api: [ERROR] failed (exitcode: 1) local_rank: 0 (pid: 4124546) of binary: /nlsasfs/home/nltm-st/sujitk/miniconda3/bin/python3
Traceback (most recent call last):
  File "/nlsasfs/home/nltm-st/sujitk/miniconda3/lib/python3.9/runpy.py", line 197, in _run_module_as_main
    return _run_code(code, main_globals, None,
  File "/nlsasfs/home/nltm-st/sujitk/miniconda3/lib/python3.9/runpy.py", line 87, in _run_code
    exec(code, run_globals)
  File "/nlsasfs/home/nltm-st/sujitk/miniconda3/lib/python3.9/site-packages/torch/distributed/launch.py", line 198, in <module>
    main()
  File "/nlsasfs/home/nltm-st/sujitk/miniconda3/lib/python3.9/site-packages/torch/distributed/launch.py", line 194, in main
    launch(args)
  File "/nlsasfs/home/nltm-st/sujitk/miniconda3/lib/python3.9/site-packages/torch/distributed/launch.py", line 179, in launch
    run(args)
  File "/nlsasfs/home/nltm-st/sujitk/miniconda3/lib/python3.9/site-packages/torch/distributed/run.py", line 803, in run
    elastic_launch(
  File "/nlsasfs/home/nltm-st/sujitk/miniconda3/lib/python3.9/site-packages/torch/distributed/launcher/api.py", line 135, in __call__
    return launch_agent(self._config, self._entrypoint, list(args))
  File "/nlsasfs/home/nltm-st/sujitk/miniconda3/lib/python3.9/site-packages/torch/distributed/launcher/api.py", line 268, in launch_agent
    raise ChildFailedError(
torch.distributed.elastic.multiprocessing.errors.ChildFailedError: 
============================================================
/nlsasfs/home/nltm-st/sujitk/yash-mtp/src/wav2vec2/main_v1_1.py FAILED
------------------------------------------------------------
Failures:
[1]:
  time      : 2024-04-19_15:34:56
  host      : scn18-mn
  rank      : 1 (local_rank: 1)
  exitcode  : 1 (pid: 4124547)
  error_file: <N/A>
  traceback : To enable traceback see: https://pytorch.org/docs/stable/elastic/errors.html
[2]:
  time      : 2024-04-19_15:34:56
  host      : scn18-mn
  rank      : 2 (local_rank: 2)
  exitcode  : 1 (pid: 4124548)
  error_file: <N/A>
  traceback : To enable traceback see: https://pytorch.org/docs/stable/elastic/errors.html
------------------------------------------------------------
Root Cause (first observed failure):
[0]:
  time      : 2024-04-19_15:34:56
  host      : scn18-mn
  rank      : 0 (local_rank: 0)
  exitcode  : 1 (pid: 4124546)
  error_file: <N/A>
  traceback : To enable traceback see: https://pytorch.org/docs/stable/elastic/errors.html
============================================================
